Analysis & Synthesis report for Projeto_Quartus
Fri Apr 17 17:14:52 2026
Quartus Prime Version 21.1.1 Build 850 06/23/2022 SJ Lite Edition


---------------------
; Table of Contents ;
---------------------
  1. Legal Notice
  2. Analysis & Synthesis Summary
  3. Analysis & Synthesis Settings
  4. Parallel Compilation
  5. Analysis & Synthesis Source Files Read
  6. Analysis & Synthesis Resource Usage Summary
  7. Analysis & Synthesis Resource Utilization by Entity
  8. General Register Statistics
  9. Multiplexer Restructuring Statistics (Restructuring Performed)
 10. Post-Synthesis Netlist Statistics for Top Partition
 11. Elapsed Time Per Partition
 12. Analysis & Synthesis Messages



----------------
; Legal Notice ;
----------------
Copyright (C) 2022  Intel Corporation. All rights reserved.
Your use of Intel Corporation's design tools, logic functions 
and other software and tools, and any partner logic 
functions, and any output files from any of the foregoing 
(including device programming or simulation files), and any 
associated documentation or information are expressly subject 
to the terms and conditions of the Intel Program License 
Subscription Agreement, the Intel Quartus Prime License Agreement,
the Intel FPGA IP License Agreement, or other applicable license
agreement, including, without limitation, that your use is for
the sole purpose of programming logic devices manufactured by
Intel and sold by Intel or its authorized distributors.  Please
refer to the applicable agreement for further details, at
https://fpgasoftware.intel.com/eula.



+----------------------------------------------------------------------------------+
; Analysis & Synthesis Summary                                                     ;
+------------------------------------+---------------------------------------------+
; Analysis & Synthesis Status        ; Successful - Fri Apr 17 17:14:52 2026       ;
; Quartus Prime Version              ; 21.1.1 Build 850 06/23/2022 SJ Lite Edition ;
; Revision Name                      ; Projeto_Quartus                             ;
; Top-level Entity Name              ; Main                                        ;
; Family                             ; Cyclone IV E                                ;
; Total logic elements               ; 137                                         ;
;     Total combinational functions  ; 137                                         ;
;     Dedicated logic registers      ; 0                                           ;
; Total registers                    ; 0                                           ;
; Total pins                         ; 76                                          ;
; Total virtual pins                 ; 0                                           ;
; Total memory bits                  ; 0                                           ;
; Embedded Multiplier 9-bit elements ; 0                                           ;
; Total PLLs                         ; 0                                           ;
+------------------------------------+---------------------------------------------+


+------------------------------------------------------------------------------------------------------------+
; Analysis & Synthesis Settings                                                                              ;
+------------------------------------------------------------------+--------------------+--------------------+
; Option                                                           ; Setting            ; Default Value      ;
+------------------------------------------------------------------+--------------------+--------------------+
; Device                                                           ; EP4CE115F29C7      ;                    ;
; Top-level entity name                                            ; Main               ; Projeto_Quartus    ;
; Family name                                                      ; Cyclone IV E       ; Cyclone V          ;
; Use smart compilation                                            ; Off                ; Off                ;
; Enable parallel Assembler and Timing Analyzer during compilation ; On                 ; On                 ;
; Enable compact report table                                      ; Off                ; Off                ;
; Restructure Multiplexers                                         ; Auto               ; Auto               ;
; Create Debugging Nodes for IP Cores                              ; Off                ; Off                ;
; Preserve fewer node names                                        ; On                 ; On                 ;
; Intel FPGA IP Evaluation Mode                                    ; Enable             ; Enable             ;
; Verilog Version                                                  ; Verilog_2001       ; Verilog_2001       ;
; VHDL Version                                                     ; VHDL_1993          ; VHDL_1993          ;
; State Machine Processing                                         ; Auto               ; Auto               ;
; Safe State Machine                                               ; Off                ; Off                ;
; Extract Verilog State Machines                                   ; On                 ; On                 ;
; Extract VHDL State Machines                                      ; On                 ; On                 ;
; Ignore Verilog initial constructs                                ; Off                ; Off                ;
; Iteration limit for constant Verilog loops                       ; 5000               ; 5000               ;
; Iteration limit for non-constant Verilog loops                   ; 250                ; 250                ;
; Add Pass-Through Logic to Inferred RAMs                          ; On                 ; On                 ;
; Infer RAMs from Raw Logic                                        ; On                 ; On                 ;
; Parallel Synthesis                                               ; On                 ; On                 ;
; DSP Block Balancing                                              ; Auto               ; Auto               ;
; NOT Gate Push-Back                                               ; On                 ; On                 ;
; Power-Up Don't Care                                              ; On                 ; On                 ;
; Remove Redundant Logic Cells                                     ; Off                ; Off                ;
; Remove Duplicate Registers                                       ; On                 ; On                 ;
; Ignore CARRY Buffers                                             ; Off                ; Off                ;
; Ignore CASCADE Buffers                                           ; Off                ; Off                ;
; Ignore GLOBAL Buffers                                            ; Off                ; Off                ;
; Ignore ROW GLOBAL Buffers                                        ; Off                ; Off                ;
; Ignore LCELL Buffers                                             ; Off                ; Off                ;
; Ignore SOFT Buffers                                              ; On                 ; On                 ;
; Limit AHDL Integers to 32 Bits                                   ; Off                ; Off                ;
; Optimization Technique                                           ; Balanced           ; Balanced           ;
; Carry Chain Length                                               ; 70                 ; 70                 ;
; Auto Carry Chains                                                ; On                 ; On                 ;
; Auto Open-Drain Pins                                             ; On                 ; On                 ;
; Perform WYSIWYG Primitive Resynthesis                            ; Off                ; Off                ;
; Auto ROM Replacement                                             ; On                 ; On                 ;
; Auto RAM Replacement                                             ; On                 ; On                 ;
; Auto DSP Block Replacement                                       ; On                 ; On                 ;
; Auto Shift Register Replacement                                  ; Auto               ; Auto               ;
; Allow Shift Register Merging across Hierarchies                  ; Auto               ; Auto               ;
; Auto Clock Enable Replacement                                    ; On                 ; On                 ;
; Strict RAM Replacement                                           ; Off                ; Off                ;
; Allow Synchronous Control Signals                                ; On                 ; On                 ;
; Force Use of Synchronous Clear Signals                           ; Off                ; Off                ;
; Auto RAM Block Balancing                                         ; On                 ; On                 ;
; Auto RAM to Logic Cell Conversion                                ; Off                ; Off                ;
; Auto Resource Sharing                                            ; Off                ; Off                ;
; Allow Any RAM Size For Recognition                               ; Off                ; Off                ;
; Allow Any ROM Size For Recognition                               ; Off                ; Off                ;
; Allow Any Shift Register Size For Recognition                    ; Off                ; Off                ;
; Use LogicLock Constraints during Resource Balancing              ; On                 ; On                 ;
; Ignore translate_off and synthesis_off directives                ; Off                ; Off                ;
; Timing-Driven Synthesis                                          ; On                 ; On                 ;
; Report Parameter Settings                                        ; On                 ; On                 ;
; Report Source Assignments                                        ; On                 ; On                 ;
; Report Connectivity Checks                                       ; On                 ; On                 ;
; Ignore Maximum Fan-Out Assignments                               ; Off                ; Off                ;
; Synchronization Register Chain Length                            ; 2                  ; 2                  ;
; Power Optimization During Synthesis                              ; Normal compilation ; Normal compilation ;
; HDL message level                                                ; Level2             ; Level2             ;
; Suppress Register Optimization Related Messages                  ; Off                ; Off                ;
; Number of Removed Registers Reported in Synthesis Report         ; 5000               ; 5000               ;
; Number of Swept Nodes Reported in Synthesis Report               ; 5000               ; 5000               ;
; Number of Inverted Registers Reported in Synthesis Report        ; 100                ; 100                ;
; Clock MUX Protection                                             ; On                 ; On                 ;
; Auto Gated Clock Conversion                                      ; Off                ; Off                ;
; Block Design Naming                                              ; Auto               ; Auto               ;
; SDC constraint protection                                        ; Off                ; Off                ;
; Synthesis Effort                                                 ; Auto               ; Auto               ;
; Shift Register Replacement - Allow Asynchronous Clear Signal     ; On                 ; On                 ;
; Pre-Mapping Resynthesis Optimization                             ; Off                ; Off                ;
; Analysis & Synthesis Message Level                               ; Medium             ; Medium             ;
; Disable Register Merging Across Hierarchies                      ; Auto               ; Auto               ;
; Resource Aware Inference For Block RAM                           ; On                 ; On                 ;
+------------------------------------------------------------------+--------------------+--------------------+


+------------------------------------------+
; Parallel Compilation                     ;
+----------------------------+-------------+
; Processors                 ; Number      ;
+----------------------------+-------------+
; Number detected on machine ; 16          ;
; Maximum allowed            ; 16          ;
;                            ;             ;
; Average used               ; 1.00        ;
; Maximum used               ; 1           ;
;                            ;             ;
; Usage by Processor         ; % Time Used ;
;     Processor 1            ; 100.0%      ;
+----------------------------+-------------+


+------------------------------------------------------------------------------------------------------------------------------------------------------------------------------------------------------------------+
; Analysis & Synthesis Source Files Read                                                                                                                                                                           ;
+--------------------------------------------+-----------------+------------------------------------+----------------------------------------------------------------------------------------------------+---------+
; File Name with User-Entered Path           ; Used in Netlist ; File Type                          ; File Name with Absolute Path                                                                       ; Library ;
+--------------------------------------------+-----------------+------------------------------------+----------------------------------------------------------------------------------------------------+---------+
; Renan_mux_2x1.bdf                          ; yes             ; User Block Diagram/Schematic File  ; C:/Users/mhrs/Documents/Code/Projeto-SD/Projeto_Quartus/Renan_mux_2x1.bdf                          ;         ;
; Renan_mhrs_complementador_de_2_somador.bdf ; yes             ; User Block Diagram/Schematic File  ; C:/Users/mhrs/Documents/Code/Projeto-SD/Projeto_Quartus/Renan_mhrs_complementador_de_2_somador.bdf ;         ;
; Renan_complementador_de_2.bdf              ; yes             ; User Block Diagram/Schematic File  ; C:/Users/mhrs/Documents/Code/Projeto-SD/Projeto_Quartus/Renan_complementador_de_2.bdf              ;         ;
; Projeto_Quartus.bdf                        ; yes             ; User Block Diagram/Schematic File  ; C:/Users/mhrs/Documents/Code/Projeto-SD/Projeto_Quartus/Projeto_Quartus.bdf                        ;         ;
; mhrs_Selecionador_de_cmp2.bdf              ; yes             ; User Block Diagram/Schematic File  ; C:/Users/mhrs/Documents/Code/Projeto-SD/Projeto_Quartus/mhrs_Selecionador_de_cmp2.bdf              ;         ;
; mhrs_renan_eos_A_mais_B.bdf                ; yes             ; User Block Diagram/Schematic File  ; C:/Users/mhrs/Documents/Code/Projeto-SD/Projeto_Quartus/mhrs_renan_eos_A_mais_B.bdf                ;         ;
; mhrs_renan_2x1_total.bdf                   ; yes             ; User Block Diagram/Schematic File  ; C:/Users/mhrs/Documents/Code/Projeto-SD/Projeto_Quartus/mhrs_renan_2x1_total.bdf                   ;         ;
; mhrs_Mux_total_8x1.bdf                     ; yes             ; User Block Diagram/Schematic File  ; C:/Users/mhrs/Documents/Code/Projeto-SD/Projeto_Quartus/mhrs_Mux_total_8x1.bdf                     ;         ;
; mhrs_MUX_8x1.bdf                           ; yes             ; User Block Diagram/Schematic File  ; C:/Users/mhrs/Documents/Code/Projeto-SD/Projeto_Quartus/mhrs_MUX_8x1.bdf                           ;         ;
; mhrs_B_maior_A.bdf                         ; yes             ; User Block Diagram/Schematic File  ; C:/Users/mhrs/Documents/Code/Projeto-SD/Projeto_Quartus/mhrs_B_maior_A.bdf                         ;         ;
; mhrs_A_menos_B.bdf                         ; yes             ; User Block Diagram/Schematic File  ; C:/Users/mhrs/Documents/Code/Projeto-SD/Projeto_Quartus/mhrs_A_menos_B.bdf                         ;         ;
; mhrs_5bits_seletor_cmp2.bdf                ; yes             ; User Block Diagram/Schematic File  ; C:/Users/mhrs/Documents/Code/Projeto-SD/Projeto_Quartus/mhrs_5bits_seletor_cmp2.bdf                ;         ;
; mhrs_5bits_complementador2_somador.bdf     ; yes             ; User Block Diagram/Schematic File  ; C:/Users/mhrs/Documents/Code/Projeto-SD/Projeto_Quartus/mhrs_5bits_complementador2_somador.bdf     ;         ;
; Main.bdf                                   ; yes             ; User Block Diagram/Schematic File  ; C:/Users/mhrs/Documents/Code/Projeto-SD/Projeto_Quartus/Main.bdf                                   ;         ;
; eos_somadores.bdf                          ; yes             ; User Block Diagram/Schematic File  ; C:/Users/mhrs/Documents/Code/Projeto-SD/Projeto_Quartus/eos_somadores.bdf                          ;         ;
; eos_halfadder.bdf                          ; yes             ; User Block Diagram/Schematic File  ; C:/Users/mhrs/Documents/Code/Projeto-SD/Projeto_Quartus/eos_halfadder.bdf                          ;         ;
; eos_a_maiorque_b.bdf                       ; yes             ; User Block Diagram/Schematic File  ; C:/Users/mhrs/Documents/Code/Projeto-SD/Projeto_Quartus/eos_a_maiorque_b.bdf                       ;         ;
; eos_A_igual_B.bdf                          ; yes             ; User Block Diagram/Schematic File  ; C:/Users/mhrs/Documents/Code/Projeto-SD/Projeto_Quartus/eos_A_igual_B.bdf                          ;         ;
; eclb_XOR.bdf                               ; yes             ; User Block Diagram/Schematic File  ; C:/Users/mhrs/Documents/Code/Projeto-SD/Projeto_Quartus/eclb_XOR.bdf                               ;         ;
; eclb_Mux_8x1_4bits.bdf                     ; yes             ; User Block Diagram/Schematic File  ; C:/Users/mhrs/Documents/Code/Projeto-SD/Projeto_Quartus/eclb_Mux_8x1_4bits.bdf                     ;         ;
; eclb_AND.bdf                               ; yes             ; User Block Diagram/Schematic File  ; C:/Users/mhrs/Documents/Code/Projeto-SD/Projeto_Quartus/eclb_AND.bdf                               ;         ;
; eclb_A_maior_B_5bits_magnitude.bdf         ; yes             ; User Block Diagram/Schematic File  ; C:/Users/mhrs/Documents/Code/Projeto-SD/Projeto_Quartus/eclb_A_maior_B_5bits_magnitude.bdf         ;         ;
; Decod_2x.bdf                               ; yes             ; User Block Diagram/Schematic File  ; C:/Users/mhrs/Documents/Code/Projeto-SD/Projeto_Quartus/Decod_2x.bdf                               ;         ;
; Analisador_7seg.bdf                        ; yes             ; User Block Diagram/Schematic File  ; C:/Users/mhrs/Documents/Code/Projeto-SD/Projeto_Quartus/Analisador_7seg.bdf                        ;         ;
; mhrs_subtrator_30.bdf                      ; yes             ; User Block Diagram/Schematic File  ; C:/Users/mhrs/Documents/Code/Projeto-SD/Projeto_Quartus/mhrs_subtrator_30.bdf                      ;         ;
; mhrs_subtrator_20.bdf                      ; yes             ; User Block Diagram/Schematic File  ; C:/Users/mhrs/Documents/Code/Projeto-SD/Projeto_Quartus/mhrs_subtrator_20.bdf                      ;         ;
; mhrs_subtrator_10.bdf                      ; yes             ; User Block Diagram/Schematic File  ; C:/Users/mhrs/Documents/Code/Projeto-SD/Projeto_Quartus/mhrs_subtrator_10.bdf                      ;         ;
+--------------------------------------------+-----------------+------------------------------------+----------------------------------------------------------------------------------------------------+---------+


+----------------------------------------------------------+
; Analysis & Synthesis Resource Usage Summary              ;
+---------------------------------------------+------------+
; Resource                                    ; Usage      ;
+---------------------------------------------+------------+
; Estimated Total logic elements              ; 137        ;
;                                             ;            ;
; Total combinational functions               ; 137        ;
; Logic element usage by number of LUT inputs ;            ;
;     -- 4 input functions                    ; 103        ;
;     -- 3 input functions                    ; 21         ;
;     -- <=2 input functions                  ; 13         ;
;                                             ;            ;
; Logic elements by mode                      ;            ;
;     -- normal mode                          ; 137        ;
;     -- arithmetic mode                      ; 0          ;
;                                             ;            ;
; Total registers                             ; 0          ;
;     -- Dedicated logic registers            ; 0          ;
;     -- I/O registers                        ; 0          ;
;                                             ;            ;
; I/O pins                                    ; 76         ;
;                                             ;            ;
; Embedded Multiplier 9-bit elements          ; 0          ;
;                                             ;            ;
; Maximum fan-out node                        ; B[0]~input ;
; Maximum fan-out                             ; 29         ;
; Total fan-out                               ; 633        ;
; Average fan-out                             ; 2.19       ;
+---------------------------------------------+------------+


+-----------------------------------------------------------------------------------------------------------------------------------------------------------------------------------------------------------------------------------------------------------------------------------------------------------------------------------------------------------------------------------------+
; Analysis & Synthesis Resource Utilization by Entity                                                                                                                                                                                                                                                                                                                                     ;
+------------------------------------------------------------+---------------------+---------------------------+-------------+--------------+---------+-----------+------+--------------+-----------------------------------------------------------------------------------------------------------------------------------------+----------------------------------------+--------------+
; Compilation Hierarchy Node                                 ; Combinational ALUTs ; Dedicated Logic Registers ; Memory Bits ; DSP Elements ; DSP 9x9 ; DSP 18x18 ; Pins ; Virtual Pins ; Full Hierarchy Name                                                                                                                     ; Entity Name                            ; Library Name ;
+------------------------------------------------------------+---------------------+---------------------------+-------------+--------------+---------+-----------+------+--------------+-----------------------------------------------------------------------------------------------------------------------------------------+----------------------------------------+--------------+
; |Main                                                      ; 137 (0)             ; 0 (0)                     ; 0           ; 0            ; 0       ; 0         ; 76   ; 0            ; |Main                                                                                                                                   ; Main                                   ; work         ;
;    |Analisador_7seg:inst1|                                 ; 13 (0)              ; 0 (0)                     ; 0           ; 0            ; 0       ; 0         ; 0    ; 0            ; |Main|Analisador_7seg:inst1                                                                                                             ; Analisador_7seg                        ; work         ;
;       |eclb_A_maior_B_5bits_magnitude:inst2|               ; 1 (1)               ; 0 (0)                     ; 0           ; 0            ; 0       ; 0         ; 0    ; 0            ; |Main|Analisador_7seg:inst1|eclb_A_maior_B_5bits_magnitude:inst2                                                                        ; eclb_A_maior_B_5bits_magnitude         ; work         ;
;       |eclb_A_maior_B_5bits_magnitude:inst9|               ; 1 (1)               ; 0 (0)                     ; 0           ; 0            ; 0       ; 0         ; 0    ; 0            ; |Main|Analisador_7seg:inst1|eclb_A_maior_B_5bits_magnitude:inst9                                                                        ; eclb_A_maior_B_5bits_magnitude         ; work         ;
;       |eclb_Mux_8x1_4bits:inst10|                          ; 9 (0)               ; 0 (0)                     ; 0           ; 0            ; 0       ; 0         ; 0    ; 0            ; |Main|Analisador_7seg:inst1|eclb_Mux_8x1_4bits:inst10                                                                                   ; eclb_Mux_8x1_4bits                     ; work         ;
;          |mhrs_MUX_8x1:inst3|                              ; 3 (3)               ; 0 (0)                     ; 0           ; 0            ; 0       ; 0         ; 0    ; 0            ; |Main|Analisador_7seg:inst1|eclb_Mux_8x1_4bits:inst10|mhrs_MUX_8x1:inst3                                                                ; mhrs_MUX_8x1                           ; work         ;
;          |mhrs_MUX_8x1:inst4|                              ; 6 (6)               ; 0 (0)                     ; 0           ; 0            ; 0       ; 0         ; 0    ; 0            ; |Main|Analisador_7seg:inst1|eclb_Mux_8x1_4bits:inst10|mhrs_MUX_8x1:inst4                                                                ; mhrs_MUX_8x1                           ; work         ;
;       |eclb_Mux_8x1_4bits:inst1|                           ; 2 (0)               ; 0 (0)                     ; 0           ; 0            ; 0       ; 0         ; 0    ; 0            ; |Main|Analisador_7seg:inst1|eclb_Mux_8x1_4bits:inst1                                                                                    ; eclb_Mux_8x1_4bits                     ; work         ;
;          |mhrs_MUX_8x1:inst3|                              ; 1 (1)               ; 0 (0)                     ; 0           ; 0            ; 0       ; 0         ; 0    ; 0            ; |Main|Analisador_7seg:inst1|eclb_Mux_8x1_4bits:inst1|mhrs_MUX_8x1:inst3                                                                 ; mhrs_MUX_8x1                           ; work         ;
;          |mhrs_MUX_8x1:inst|                               ; 1 (1)               ; 0 (0)                     ; 0           ; 0            ; 0       ; 0         ; 0    ; 0            ; |Main|Analisador_7seg:inst1|eclb_Mux_8x1_4bits:inst1|mhrs_MUX_8x1:inst                                                                  ; mhrs_MUX_8x1                           ; work         ;
;    |Analisador_7seg:inst5|                                 ; 1 (0)               ; 0 (0)                     ; 0           ; 0            ; 0       ; 0         ; 0    ; 0            ; |Main|Analisador_7seg:inst5                                                                                                             ; Analisador_7seg                        ; work         ;
;       |eclb_A_maior_B_5bits_magnitude:inst9|               ; 1 (1)               ; 0 (0)                     ; 0           ; 0            ; 0       ; 0         ; 0    ; 0            ; |Main|Analisador_7seg:inst5|eclb_A_maior_B_5bits_magnitude:inst9                                                                        ; eclb_A_maior_B_5bits_magnitude         ; work         ;
;    |Analisador_7seg:inst8|                                 ; 1 (0)               ; 0 (0)                     ; 0           ; 0            ; 0       ; 0         ; 0    ; 0            ; |Main|Analisador_7seg:inst8                                                                                                             ; Analisador_7seg                        ; work         ;
;       |eclb_A_maior_B_5bits_magnitude:inst9|               ; 1 (1)               ; 0 (0)                     ; 0           ; 0            ; 0       ; 0         ; 0    ; 0            ; |Main|Analisador_7seg:inst8|eclb_A_maior_B_5bits_magnitude:inst9                                                                        ; eclb_A_maior_B_5bits_magnitude         ; work         ;
;    |Decod_2x:inst10|                                       ; 7 (7)               ; 0 (0)                     ; 0           ; 0            ; 0       ; 0         ; 0    ; 0            ; |Main|Decod_2x:inst10                                                                                                                   ; Decod_2x                               ; work         ;
;    |Decod_2x:inst2|                                        ; 8 (8)               ; 0 (0)                     ; 0           ; 0            ; 0       ; 0         ; 0    ; 0            ; |Main|Decod_2x:inst2                                                                                                                    ; Decod_2x                               ; work         ;
;    |Decod_2x:inst3|                                        ; 2 (2)               ; 0 (0)                     ; 0           ; 0            ; 0       ; 0         ; 0    ; 0            ; |Main|Decod_2x:inst3                                                                                                                    ; Decod_2x                               ; work         ;
;    |Decod_2x:inst7|                                        ; 7 (7)               ; 0 (0)                     ; 0           ; 0            ; 0       ; 0         ; 0    ; 0            ; |Main|Decod_2x:inst7                                                                                                                    ; Decod_2x                               ; work         ;
;    |Projeto_Quartus:inst|                                  ; 98 (0)              ; 0 (0)                     ; 0           ; 0            ; 0       ; 0         ; 0    ; 0            ; |Main|Projeto_Quartus:inst                                                                                                              ; Projeto_Quartus                        ; work         ;
;       |Renan_complementador_de_2:inst10|                   ; 1 (1)               ; 0 (0)                     ; 0           ; 0            ; 0       ; 0         ; 0    ; 0            ; |Main|Projeto_Quartus:inst|Renan_complementador_de_2:inst10                                                                             ; Renan_complementador_de_2              ; work         ;
;       |eclb_XOR:inst2|                                     ; 1 (1)               ; 0 (0)                     ; 0           ; 0            ; 0       ; 0         ; 0    ; 0            ; |Main|Projeto_Quartus:inst|eclb_XOR:inst2                                                                                               ; eclb_XOR                               ; work         ;
;       |eos_a_maiorque_b:inst3|                             ; 1 (1)               ; 0 (0)                     ; 0           ; 0            ; 0       ; 0         ; 0    ; 0            ; |Main|Projeto_Quartus:inst|eos_a_maiorque_b:inst3                                                                                       ; eos_a_maiorque_b                       ; work         ;
;       |mhrs_A_menos_B:inst13|                              ; 22 (3)              ; 0 (0)                     ; 0           ; 0            ; 0       ; 0         ; 0    ; 0            ; |Main|Projeto_Quartus:inst|mhrs_A_menos_B:inst13                                                                                        ; mhrs_A_menos_B                         ; work         ;
;          |eos_somadores:inst|                              ; 8 (0)               ; 0 (0)                     ; 0           ; 0            ; 0       ; 0         ; 0    ; 0            ; |Main|Projeto_Quartus:inst|mhrs_A_menos_B:inst13|eos_somadores:inst                                                                     ; eos_somadores                          ; work         ;
;             |eos_halfadder:inst2|                          ; 2 (2)               ; 0 (0)                     ; 0           ; 0            ; 0       ; 0         ; 0    ; 0            ; |Main|Projeto_Quartus:inst|mhrs_A_menos_B:inst13|eos_somadores:inst|eos_halfadder:inst2                                                 ; eos_halfadder                          ; work         ;
;             |eos_halfadder:inst3|                          ; 2 (2)               ; 0 (0)                     ; 0           ; 0            ; 0       ; 0         ; 0    ; 0            ; |Main|Projeto_Quartus:inst|mhrs_A_menos_B:inst13|eos_somadores:inst|eos_halfadder:inst3                                                 ; eos_halfadder                          ; work         ;
;             |eos_halfadder:inst4|                          ; 2 (2)               ; 0 (0)                     ; 0           ; 0            ; 0       ; 0         ; 0    ; 0            ; |Main|Projeto_Quartus:inst|mhrs_A_menos_B:inst13|eos_somadores:inst|eos_halfadder:inst4                                                 ; eos_halfadder                          ; work         ;
;             |eos_halfadder:inst5|                          ; 1 (1)               ; 0 (0)                     ; 0           ; 0            ; 0       ; 0         ; 0    ; 0            ; |Main|Projeto_Quartus:inst|mhrs_A_menos_B:inst13|eos_somadores:inst|eos_halfadder:inst5                                                 ; eos_halfadder                          ; work         ;
;             |eos_halfadder:inst7|                          ; 1 (1)               ; 0 (0)                     ; 0           ; 0            ; 0       ; 0         ; 0    ; 0            ; |Main|Projeto_Quartus:inst|mhrs_A_menos_B:inst13|eos_somadores:inst|eos_halfadder:inst7                                                 ; eos_halfadder                          ; work         ;
;          |mhrs_Selecionador_de_cmp2:inst3|                 ; 5 (0)               ; 0 (0)                     ; 0           ; 0            ; 0       ; 0         ; 0    ; 0            ; |Main|Projeto_Quartus:inst|mhrs_A_menos_B:inst13|mhrs_Selecionador_de_cmp2:inst3                                                        ; mhrs_Selecionador_de_cmp2              ; work         ;
;             |Renan_mhrs_complementador_de_2_somador:inst3| ; 1 (1)               ; 0 (0)                     ; 0           ; 0            ; 0       ; 0         ; 0    ; 0            ; |Main|Projeto_Quartus:inst|mhrs_A_menos_B:inst13|mhrs_Selecionador_de_cmp2:inst3|Renan_mhrs_complementador_de_2_somador:inst3           ; Renan_mhrs_complementador_de_2_somador ; work         ;
;             |mhrs_renan_2x1_total:inst|                    ; 4 (0)               ; 0 (0)                     ; 0           ; 0            ; 0       ; 0         ; 0    ; 0            ; |Main|Projeto_Quartus:inst|mhrs_A_menos_B:inst13|mhrs_Selecionador_de_cmp2:inst3|mhrs_renan_2x1_total:inst                              ; mhrs_renan_2x1_total                   ; work         ;
;                |Renan_mux_2x1:inst1|                       ; 1 (1)               ; 0 (0)                     ; 0           ; 0            ; 0       ; 0         ; 0    ; 0            ; |Main|Projeto_Quartus:inst|mhrs_A_menos_B:inst13|mhrs_Selecionador_de_cmp2:inst3|mhrs_renan_2x1_total:inst|Renan_mux_2x1:inst1          ; Renan_mux_2x1                          ; work         ;
;                |Renan_mux_2x1:inst2|                       ; 1 (1)               ; 0 (0)                     ; 0           ; 0            ; 0       ; 0         ; 0    ; 0            ; |Main|Projeto_Quartus:inst|mhrs_A_menos_B:inst13|mhrs_Selecionador_de_cmp2:inst3|mhrs_renan_2x1_total:inst|Renan_mux_2x1:inst2          ; Renan_mux_2x1                          ; work         ;
;                |Renan_mux_2x1:inst3|                       ; 1 (1)               ; 0 (0)                     ; 0           ; 0            ; 0       ; 0         ; 0    ; 0            ; |Main|Projeto_Quartus:inst|mhrs_A_menos_B:inst13|mhrs_Selecionador_de_cmp2:inst3|mhrs_renan_2x1_total:inst|Renan_mux_2x1:inst3          ; Renan_mux_2x1                          ; work         ;
;                |Renan_mux_2x1:inst4|                       ; 1 (1)               ; 0 (0)                     ; 0           ; 0            ; 0       ; 0         ; 0    ; 0            ; |Main|Projeto_Quartus:inst|mhrs_A_menos_B:inst13|mhrs_Selecionador_de_cmp2:inst3|mhrs_renan_2x1_total:inst|Renan_mux_2x1:inst4          ; Renan_mux_2x1                          ; work         ;
;          |mhrs_Selecionador_de_cmp2:inst4|                 ; 6 (0)               ; 0 (0)                     ; 0           ; 0            ; 0       ; 0         ; 0    ; 0            ; |Main|Projeto_Quartus:inst|mhrs_A_menos_B:inst13|mhrs_Selecionador_de_cmp2:inst4                                                        ; mhrs_Selecionador_de_cmp2              ; work         ;
;             |mhrs_renan_2x1_total:inst|                    ; 6 (0)               ; 0 (0)                     ; 0           ; 0            ; 0       ; 0         ; 0    ; 0            ; |Main|Projeto_Quartus:inst|mhrs_A_menos_B:inst13|mhrs_Selecionador_de_cmp2:inst4|mhrs_renan_2x1_total:inst                              ; mhrs_renan_2x1_total                   ; work         ;
;                |Renan_mux_2x1:inst1|                       ; 2 (2)               ; 0 (0)                     ; 0           ; 0            ; 0       ; 0         ; 0    ; 0            ; |Main|Projeto_Quartus:inst|mhrs_A_menos_B:inst13|mhrs_Selecionador_de_cmp2:inst4|mhrs_renan_2x1_total:inst|Renan_mux_2x1:inst1          ; Renan_mux_2x1                          ; work         ;
;                |Renan_mux_2x1:inst2|                       ; 2 (2)               ; 0 (0)                     ; 0           ; 0            ; 0       ; 0         ; 0    ; 0            ; |Main|Projeto_Quartus:inst|mhrs_A_menos_B:inst13|mhrs_Selecionador_de_cmp2:inst4|mhrs_renan_2x1_total:inst|Renan_mux_2x1:inst2          ; Renan_mux_2x1                          ; work         ;
;                |Renan_mux_2x1:inst3|                       ; 2 (2)               ; 0 (0)                     ; 0           ; 0            ; 0       ; 0         ; 0    ; 0            ; |Main|Projeto_Quartus:inst|mhrs_A_menos_B:inst13|mhrs_Selecionador_de_cmp2:inst4|mhrs_renan_2x1_total:inst|Renan_mux_2x1:inst3          ; Renan_mux_2x1                          ; work         ;
;       |mhrs_B_maior_A:inst12|                              ; 5 (2)               ; 0 (0)                     ; 0           ; 0            ; 0       ; 0         ; 0    ; 0            ; |Main|Projeto_Quartus:inst|mhrs_B_maior_A:inst12                                                                                        ; mhrs_B_maior_A                         ; work         ;
;          |eos_A_igual_B:inst5|                             ; 3 (3)               ; 0 (0)                     ; 0           ; 0            ; 0       ; 0         ; 0    ; 0            ; |Main|Projeto_Quartus:inst|mhrs_B_maior_A:inst12|eos_A_igual_B:inst5                                                                    ; eos_A_igual_B                          ; work         ;
;       |mhrs_MUX_8x1:inst4|                                 ; 1 (1)               ; 0 (0)                     ; 0           ; 0            ; 0       ; 0         ; 0    ; 0            ; |Main|Projeto_Quartus:inst|mhrs_MUX_8x1:inst4                                                                                           ; mhrs_MUX_8x1                           ; work         ;
;       |mhrs_Mux_total_8x1:inst8|                           ; 38 (0)              ; 0 (0)                     ; 0           ; 0            ; 0       ; 0         ; 0    ; 0            ; |Main|Projeto_Quartus:inst|mhrs_Mux_total_8x1:inst8                                                                                     ; mhrs_Mux_total_8x1                     ; work         ;
;          |mhrs_MUX_8x1:inst3|                              ; 9 (9)               ; 0 (0)                     ; 0           ; 0            ; 0       ; 0         ; 0    ; 0            ; |Main|Projeto_Quartus:inst|mhrs_Mux_total_8x1:inst8|mhrs_MUX_8x1:inst3                                                                  ; mhrs_MUX_8x1                           ; work         ;
;          |mhrs_MUX_8x1:inst4|                              ; 8 (8)               ; 0 (0)                     ; 0           ; 0            ; 0       ; 0         ; 0    ; 0            ; |Main|Projeto_Quartus:inst|mhrs_Mux_total_8x1:inst8|mhrs_MUX_8x1:inst4                                                                  ; mhrs_MUX_8x1                           ; work         ;
;          |mhrs_MUX_8x1:inst5|                              ; 6 (6)               ; 0 (0)                     ; 0           ; 0            ; 0       ; 0         ; 0    ; 0            ; |Main|Projeto_Quartus:inst|mhrs_Mux_total_8x1:inst8|mhrs_MUX_8x1:inst5                                                                  ; mhrs_MUX_8x1                           ; work         ;
;          |mhrs_MUX_8x1:inst6|                              ; 11 (11)             ; 0 (0)                     ; 0           ; 0            ; 0       ; 0         ; 0    ; 0            ; |Main|Projeto_Quartus:inst|mhrs_Mux_total_8x1:inst8|mhrs_MUX_8x1:inst6                                                                  ; mhrs_MUX_8x1                           ; work         ;
;          |mhrs_MUX_8x1:inst7|                              ; 3 (3)               ; 0 (0)                     ; 0           ; 0            ; 0       ; 0         ; 0    ; 0            ; |Main|Projeto_Quartus:inst|mhrs_Mux_total_8x1:inst8|mhrs_MUX_8x1:inst7                                                                  ; mhrs_MUX_8x1                           ; work         ;
;          |mhrs_MUX_8x1:inst|                               ; 1 (1)               ; 0 (0)                     ; 0           ; 0            ; 0       ; 0         ; 0    ; 0            ; |Main|Projeto_Quartus:inst|mhrs_Mux_total_8x1:inst8|mhrs_MUX_8x1:inst                                                                   ; mhrs_MUX_8x1                           ; work         ;
;       |mhrs_Mux_total_8x1:inst|                            ; 12 (0)              ; 0 (0)                     ; 0           ; 0            ; 0       ; 0         ; 0    ; 0            ; |Main|Projeto_Quartus:inst|mhrs_Mux_total_8x1:inst                                                                                      ; mhrs_Mux_total_8x1                     ; work         ;
;          |mhrs_MUX_8x1:inst|                               ; 12 (12)             ; 0 (0)                     ; 0           ; 0            ; 0       ; 0         ; 0    ; 0            ; |Main|Projeto_Quartus:inst|mhrs_Mux_total_8x1:inst|mhrs_MUX_8x1:inst                                                                    ; mhrs_MUX_8x1                           ; work         ;
;       |mhrs_renan_eos_A_mais_B:inst11|                     ; 17 (1)              ; 0 (0)                     ; 0           ; 0            ; 0       ; 0         ; 0    ; 0            ; |Main|Projeto_Quartus:inst|mhrs_renan_eos_A_mais_B:inst11                                                                               ; mhrs_renan_eos_A_mais_B                ; work         ;
;          |eos_somadores:inst|                              ; 8 (0)               ; 0 (0)                     ; 0           ; 0            ; 0       ; 0         ; 0    ; 0            ; |Main|Projeto_Quartus:inst|mhrs_renan_eos_A_mais_B:inst11|eos_somadores:inst                                                            ; eos_somadores                          ; work         ;
;             |eos_halfadder:inst2|                          ; 2 (2)               ; 0 (0)                     ; 0           ; 0            ; 0       ; 0         ; 0    ; 0            ; |Main|Projeto_Quartus:inst|mhrs_renan_eos_A_mais_B:inst11|eos_somadores:inst|eos_halfadder:inst2                                        ; eos_halfadder                          ; work         ;
;             |eos_halfadder:inst3|                          ; 2 (2)               ; 0 (0)                     ; 0           ; 0            ; 0       ; 0         ; 0    ; 0            ; |Main|Projeto_Quartus:inst|mhrs_renan_eos_A_mais_B:inst11|eos_somadores:inst|eos_halfadder:inst3                                        ; eos_halfadder                          ; work         ;
;             |eos_halfadder:inst4|                          ; 2 (2)               ; 0 (0)                     ; 0           ; 0            ; 0       ; 0         ; 0    ; 0            ; |Main|Projeto_Quartus:inst|mhrs_renan_eos_A_mais_B:inst11|eos_somadores:inst|eos_halfadder:inst4                                        ; eos_halfadder                          ; work         ;
;             |eos_halfadder:inst5|                          ; 1 (1)               ; 0 (0)                     ; 0           ; 0            ; 0       ; 0         ; 0    ; 0            ; |Main|Projeto_Quartus:inst|mhrs_renan_eos_A_mais_B:inst11|eos_somadores:inst|eos_halfadder:inst5                                        ; eos_halfadder                          ; work         ;
;             |eos_halfadder:inst7|                          ; 1 (1)               ; 0 (0)                     ; 0           ; 0            ; 0       ; 0         ; 0    ; 0            ; |Main|Projeto_Quartus:inst|mhrs_renan_eos_A_mais_B:inst11|eos_somadores:inst|eos_halfadder:inst7                                        ; eos_halfadder                          ; work         ;
;          |mhrs_Selecionador_de_cmp2:inst3|                 ; 1 (0)               ; 0 (0)                     ; 0           ; 0            ; 0       ; 0         ; 0    ; 0            ; |Main|Projeto_Quartus:inst|mhrs_renan_eos_A_mais_B:inst11|mhrs_Selecionador_de_cmp2:inst3                                               ; mhrs_Selecionador_de_cmp2              ; work         ;
;             |Renan_mhrs_complementador_de_2_somador:inst3| ; 1 (1)               ; 0 (0)                     ; 0           ; 0            ; 0       ; 0         ; 0    ; 0            ; |Main|Projeto_Quartus:inst|mhrs_renan_eos_A_mais_B:inst11|mhrs_Selecionador_de_cmp2:inst3|Renan_mhrs_complementador_de_2_somador:inst3  ; Renan_mhrs_complementador_de_2_somador ; work         ;
;          |mhrs_Selecionador_de_cmp2:inst4|                 ; 7 (0)               ; 0 (0)                     ; 0           ; 0            ; 0       ; 0         ; 0    ; 0            ; |Main|Projeto_Quartus:inst|mhrs_renan_eos_A_mais_B:inst11|mhrs_Selecionador_de_cmp2:inst4                                               ; mhrs_Selecionador_de_cmp2              ; work         ;
;             |Renan_mhrs_complementador_de_2_somador:inst3| ; 1 (1)               ; 0 (0)                     ; 0           ; 0            ; 0       ; 0         ; 0    ; 0            ; |Main|Projeto_Quartus:inst|mhrs_renan_eos_A_mais_B:inst11|mhrs_Selecionador_de_cmp2:inst4|Renan_mhrs_complementador_de_2_somador:inst3  ; Renan_mhrs_complementador_de_2_somador ; work         ;
;             |mhrs_renan_2x1_total:inst|                    ; 6 (0)               ; 0 (0)                     ; 0           ; 0            ; 0       ; 0         ; 0    ; 0            ; |Main|Projeto_Quartus:inst|mhrs_renan_eos_A_mais_B:inst11|mhrs_Selecionador_de_cmp2:inst4|mhrs_renan_2x1_total:inst                     ; mhrs_renan_2x1_total                   ; work         ;
;                |Renan_mux_2x1:inst1|                       ; 2 (2)               ; 0 (0)                     ; 0           ; 0            ; 0       ; 0         ; 0    ; 0            ; |Main|Projeto_Quartus:inst|mhrs_renan_eos_A_mais_B:inst11|mhrs_Selecionador_de_cmp2:inst4|mhrs_renan_2x1_total:inst|Renan_mux_2x1:inst1 ; Renan_mux_2x1                          ; work         ;
;                |Renan_mux_2x1:inst2|                       ; 2 (2)               ; 0 (0)                     ; 0           ; 0            ; 0       ; 0         ; 0    ; 0            ; |Main|Projeto_Quartus:inst|mhrs_renan_eos_A_mais_B:inst11|mhrs_Selecionador_de_cmp2:inst4|mhrs_renan_2x1_total:inst|Renan_mux_2x1:inst2 ; Renan_mux_2x1                          ; work         ;
;                |Renan_mux_2x1:inst3|                       ; 2 (2)               ; 0 (0)                     ; 0           ; 0            ; 0       ; 0         ; 0    ; 0            ; |Main|Projeto_Quartus:inst|mhrs_renan_eos_A_mais_B:inst11|mhrs_Selecionador_de_cmp2:inst4|mhrs_renan_2x1_total:inst|Renan_mux_2x1:inst3 ; Renan_mux_2x1                          ; work         ;
+------------------------------------------------------------+---------------------+---------------------------+-------------+--------------+---------+-----------+------+--------------+-----------------------------------------------------------------------------------------------------------------------------------------+----------------------------------------+--------------+
Note: For table entries with two numbers listed, the numbers in parentheses indicate the number of resources of the given type used by the specific entity alone. The numbers listed outside of parentheses indicate the total resources of the given type used by the specific entity and all of its sub-entities in the hierarchy.


+------------------------------------------------------+
; General Register Statistics                          ;
+----------------------------------------------+-------+
; Statistic                                    ; Value ;
+----------------------------------------------+-------+
; Total registers                              ; 0     ;
; Number of registers using Synchronous Clear  ; 0     ;
; Number of registers using Synchronous Load   ; 0     ;
; Number of registers using Asynchronous Clear ; 0     ;
; Number of registers using Asynchronous Load  ; 0     ;
; Number of registers using Clock Enable       ; 0     ;
; Number of registers using Preset             ; 0     ;
+----------------------------------------------+-------+


+-----------------------------------------------------------------------------------------------------------------------------------------------------------------------------------------------+
; Multiplexer Restructuring Statistics (Restructuring Performed)                                                                                                                                ;
+--------------------+-----------+---------------+----------------------+------------------------+------------+---------------------------------------------------------------------------------+
; Multiplexer Inputs ; Bus Width ; Baseline Area ; Area if Restructured ; Saving if Restructured ; Registered ; Example Multiplexer Output                                                      ;
+--------------------+-----------+---------------+----------------------+------------------------+------------+---------------------------------------------------------------------------------+
; 3:1                ; 2 bits    ; 4 LEs         ; 4 LEs                ; 0 LEs                  ; No         ; |Main|Analisador_7seg:inst5|eclb_Mux_8x1_4bits:inst10|mhrs_MUX_8x1:inst3|inst17 ;
; 3:1                ; 2 bits    ; 4 LEs         ; 4 LEs                ; 0 LEs                  ; No         ; |Main|Analisador_7seg:inst8|eclb_Mux_8x1_4bits:inst10|mhrs_MUX_8x1:inst3|inst17 ;
+--------------------+-----------+---------------+----------------------+------------------------+------------+---------------------------------------------------------------------------------+


+-----------------------------------------------------+
; Post-Synthesis Netlist Statistics for Top Partition ;
+-----------------------+-----------------------------+
; Type                  ; Count                       ;
+-----------------------+-----------------------------+
; boundary_port         ; 76                          ;
; cycloneiii_lcell_comb ; 145                         ;
;     normal            ; 145                         ;
;         0 data inputs ; 2                           ;
;         1 data inputs ; 6                           ;
;         2 data inputs ; 13                          ;
;         3 data inputs ; 21                          ;
;         4 data inputs ; 103                         ;
;                       ;                             ;
; Max LUT depth         ; 15.00                       ;
; Average LUT depth     ; 11.13                       ;
+-----------------------+-----------------------------+


+-------------------------------+
; Elapsed Time Per Partition    ;
+----------------+--------------+
; Partition Name ; Elapsed Time ;
+----------------+--------------+
; Top            ; 00:00:00     ;
+----------------+--------------+


+-------------------------------+
; Analysis & Synthesis Messages ;
+-------------------------------+
Info: *******************************************************************
Info: Running Quartus Prime Analysis & Synthesis
    Info: Version 21.1.1 Build 850 06/23/2022 SJ Lite Edition
    Info: Processing started: Fri Apr 17 17:14:45 2026
Info: Command: quartus_map --read_settings_files=on --write_settings_files=off Projeto_Quartus -c Projeto_Quartus
Warning (18236): Number of processors has not been specified which may cause overloading on shared machines.  Set the global assignment NUM_PARALLEL_PROCESSORS in your QSF to an appropriate value for best performance.
Info (20030): Parallel compilation is enabled and will use 16 of the 16 processors detected
Info (12021): Found 1 design units, including 1 entities, in source file renan_mux_2x1.bdf
    Info (12023): Found entity 1: Renan_mux_2x1
Info (12021): Found 1 design units, including 1 entities, in source file renan_mhrs_complementador_de_2_somador.bdf
    Info (12023): Found entity 1: Renan_mhrs_complementador_de_2_somador
Info (12021): Found 1 design units, including 1 entities, in source file renan_complementador_de_2.bdf
    Info (12023): Found entity 1: Renan_complementador_de_2
Info (12021): Found 1 design units, including 1 entities, in source file projeto_quartus.bdf
    Info (12023): Found entity 1: Projeto_Quartus
Info (12021): Found 1 design units, including 1 entities, in source file mux 2x1.bdf
    Info (12023): Found entity 1: mux 2x1
Info (12021): Found 1 design units, including 1 entities, in source file mhrs_selecionador_de_cmp2.bdf
    Info (12023): Found entity 1: mhrs_Selecionador_de_cmp2
Info (12021): Found 1 design units, including 1 entities, in source file mhrs_renan_eos_a_mais_b.bdf
    Info (12023): Found entity 1: mhrs_renan_eos_A_mais_B
Info (12021): Found 1 design units, including 1 entities, in source file mhrs_renan_2x1_total.bdf
    Info (12023): Found entity 1: mhrs_renan_2x1_total
Info (12021): Found 1 design units, including 1 entities, in source file mhrs_mux_total_8x1.bdf
    Info (12023): Found entity 1: mhrs_Mux_total_8x1
Info (12021): Found 1 design units, including 1 entities, in source file mhrs_mux_8x1.bdf
    Info (12023): Found entity 1: mhrs_MUX_8x1
Info (12021): Found 1 design units, including 1 entities, in source file mhrs_b_maior_a.bdf
    Info (12023): Found entity 1: mhrs_B_maior_A
Info (12021): Found 1 design units, including 1 entities, in source file mhrs_a_menos_b.bdf
    Info (12023): Found entity 1: mhrs_A_menos_B
Info (12021): Found 1 design units, including 1 entities, in source file mhrs_5bits_seletor_cmp2.bdf
    Info (12023): Found entity 1: mhrs_5bits_seletor_cmp2
Info (12021): Found 1 design units, including 1 entities, in source file mhrs_5bits_complementador2_somador.bdf
    Info (12023): Found entity 1: mhrs_5bits_complementador2_somador
Info (12021): Found 1 design units, including 1 entities, in source file main.bdf
    Info (12023): Found entity 1: Main
Info (12021): Found 1 design units, including 1 entities, in source file eos_somadores.bdf
    Info (12023): Found entity 1: eos_somadores
Info (12021): Found 1 design units, including 1 entities, in source file eos_halfadder.bdf
    Info (12023): Found entity 1: eos_halfadder
Info (12021): Found 1 design units, including 1 entities, in source file eos_a=b.bdf
    Info (12023): Found entity 1: eos_A=B
Info (12021): Found 1 design units, including 1 entities, in source file eos_a_maiorque_b.bdf
    Info (12023): Found entity 1: eos_a_maiorque_b
Info (12021): Found 1 design units, including 1 entities, in source file eos_a_igual_b.bdf
    Info (12023): Found entity 1: eos_A_igual_B
Info (12021): Found 1 design units, including 1 entities, in source file eclb_xor.bdf
    Info (12023): Found entity 1: eclb_XOR
Info (12021): Found 1 design units, including 1 entities, in source file eclb_mux_8x1_4bits.bdf
    Info (12023): Found entity 1: eclb_Mux_8x1_4bits
Info (12021): Found 1 design units, including 1 entities, in source file eclb_and.bdf
    Info (12023): Found entity 1: eclb_AND
Info (12021): Found 1 design units, including 1 entities, in source file eclb_a_maior_b_5bits_magnitude.bdf
    Info (12023): Found entity 1: eclb_A_maior_B_5bits_magnitude
Info (12021): Found 1 design units, including 1 entities, in source file decod_2x.bdf
    Info (12023): Found entity 1: Decod_2x
Info (12021): Found 1 design units, including 1 entities, in source file complementador_de_2_antigo.bdf
    Info (12023): Found entity 1: complementador_de_2_antigo
Info (12021): Found 1 design units, including 1 entities, in source file analisador_7seg.bdf
    Info (12023): Found entity 1: Analisador_7seg
Info (12021): Found 1 design units, including 1 entities, in source file mhrs_subtrator_30.bdf
    Info (12023): Found entity 1: mhrs_subtrator_30
Info (12021): Found 1 design units, including 1 entities, in source file mhrs_subtrator_20.bdf
    Info (12023): Found entity 1: mhrs_subtrator_20
Info (12021): Found 1 design units, including 1 entities, in source file mhrs_subtrator_10.bdf
    Info (12023): Found entity 1: mhrs_subtrator_10
Info (12127): Elaborating entity "Main" for the top level hierarchy
Warning (275008): Primitive "NOT" of instance "inst11" not used
Warning (275008): Primitive "NOT" of instance "inst12" not used
Info (12128): Elaborating entity "Projeto_Quartus" for hierarchy "Projeto_Quartus:inst"
Warning (275011): Block or symbol "Renan_complementador_de_2" of instance "inst10" overlaps another block or symbol
Warning (275011): Block or symbol "mhrs_renan_eos_A_mais_B" of instance "inst11" overlaps another block or symbol
Info (12128): Elaborating entity "mhrs_MUX_8x1" for hierarchy "Projeto_Quartus:inst|mhrs_MUX_8x1:inst4"
Info (12128): Elaborating entity "mhrs_Mux_total_8x1" for hierarchy "Projeto_Quartus:inst|mhrs_Mux_total_8x1:inst"
Info (12128): Elaborating entity "mhrs_renan_eos_A_mais_B" for hierarchy "Projeto_Quartus:inst|mhrs_renan_eos_A_mais_B:inst11"
Warning (275083): Bus "Z2[4..0]" found using same base name as "Z", which might lead to a name conflict.
Warning (275083): Bus "Z2[4]" found using same base name as "Z", which might lead to a name conflict.
Warning (275083): Bus "Z2[3]" found using same base name as "Z", which might lead to a name conflict.
Warning (275083): Bus "Z2[2]" found using same base name as "Z", which might lead to a name conflict.
Warning (275083): Bus "Z2[1]" found using same base name as "Z", which might lead to a name conflict.
Warning (275083): Bus "Z2[0]" found using same base name as "Z", which might lead to a name conflict.
Warning (275080): Converted elements in bus name "Z" using legacy naming rules. Make any assignments on the new names, not on the original names.
    Warning (275081): Converted element name(s) from "Z[3]" to "Z3"
    Warning (275081): Converted element name(s) from "Z[2]" to "Z2"
    Warning (275081): Converted element name(s) from "Z[1]" to "Z1"
    Warning (275081): Converted element name(s) from "Z[0]" to "Z0"
    Warning (275081): Converted element name(s) from "Z[4]" to "Z4"
    Warning (275081): Converted element name(s) from "Z[4..0]" to "Z4..0"
Warning (275080): Converted elements in bus name "Z2" using legacy naming rules. Make any assignments on the new names, not on the original names.
    Warning (275081): Converted element name(s) from "Z2[4..0]" to "Z24..0"
    Warning (275081): Converted element name(s) from "Z2[4]" to "Z24"
    Warning (275081): Converted element name(s) from "Z2[3]" to "Z23"
    Warning (275081): Converted element name(s) from "Z2[2]" to "Z22"
    Warning (275081): Converted element name(s) from "Z2[1]" to "Z21"
    Warning (275081): Converted element name(s) from "Z2[0]" to "Z20"
Warning (275002): No superset bus at connection
Info (12128): Elaborating entity "mhrs_5bits_seletor_cmp2" for hierarchy "Projeto_Quartus:inst|mhrs_renan_eos_A_mais_B:inst11|mhrs_5bits_seletor_cmp2:inst2"
Info (12128): Elaborating entity "mhrs_renan_2x1_total" for hierarchy "Projeto_Quartus:inst|mhrs_renan_eos_A_mais_B:inst11|mhrs_5bits_seletor_cmp2:inst2|mhrs_renan_2x1_total:inst"
Info (12128): Elaborating entity "Renan_mux_2x1" for hierarchy "Projeto_Quartus:inst|mhrs_renan_eos_A_mais_B:inst11|mhrs_5bits_seletor_cmp2:inst2|mhrs_renan_2x1_total:inst|Renan_mux_2x1:inst3"
Info (12128): Elaborating entity "mhrs_5bits_complementador2_somador" for hierarchy "Projeto_Quartus:inst|mhrs_renan_eos_A_mais_B:inst11|mhrs_5bits_seletor_cmp2:inst2|mhrs_5bits_complementador2_somador:inst2"
Info (12128): Elaborating entity "eos_somadores" for hierarchy "Projeto_Quartus:inst|mhrs_renan_eos_A_mais_B:inst11|eos_somadores:inst"
Info (12128): Elaborating entity "eos_halfadder" for hierarchy "Projeto_Quartus:inst|mhrs_renan_eos_A_mais_B:inst11|eos_somadores:inst|eos_halfadder:inst1"
Info (12128): Elaborating entity "mhrs_Selecionador_de_cmp2" for hierarchy "Projeto_Quartus:inst|mhrs_renan_eos_A_mais_B:inst11|mhrs_Selecionador_de_cmp2:inst3"
Warning (275008): Primitive "GND" of instance "inst4" not used
Info (12128): Elaborating entity "Renan_mhrs_complementador_de_2_somador" for hierarchy "Projeto_Quartus:inst|mhrs_renan_eos_A_mais_B:inst11|mhrs_Selecionador_de_cmp2:inst3|Renan_mhrs_complementador_de_2_somador:inst3"
Info (12128): Elaborating entity "mhrs_A_menos_B" for hierarchy "Projeto_Quartus:inst|mhrs_A_menos_B:inst13"
Warning (275083): Bus "Z2[4]" found using same base name as "Z", which might lead to a name conflict.
Warning (275083): Bus "Z2[3]" found using same base name as "Z", which might lead to a name conflict.
Warning (275083): Bus "Z2[2]" found using same base name as "Z", which might lead to a name conflict.
Warning (275083): Bus "Z2[1]" found using same base name as "Z", which might lead to a name conflict.
Warning (275083): Bus "Z2[0]" found using same base name as "Z", which might lead to a name conflict.
Warning (275083): Bus "Z2[4..0]" found using same base name as "Z", which might lead to a name conflict.
Warning (275080): Converted elements in bus name "Z" using legacy naming rules. Make any assignments on the new names, not on the original names.
    Warning (275081): Converted element name(s) from "Z[3]" to "Z3"
    Warning (275081): Converted element name(s) from "Z[2]" to "Z2"
    Warning (275081): Converted element name(s) from "Z[1]" to "Z1"
    Warning (275081): Converted element name(s) from "Z[0]" to "Z0"
    Warning (275081): Converted element name(s) from "Z[4]" to "Z4"
    Warning (275081): Converted element name(s) from "Z[4..0]" to "Z4..0"
Warning (275080): Converted elements in bus name "Z2" using legacy naming rules. Make any assignments on the new names, not on the original names.
    Warning (275081): Converted element name(s) from "Z2[4]" to "Z24"
    Warning (275081): Converted element name(s) from "Z2[3]" to "Z23"
    Warning (275081): Converted element name(s) from "Z2[2]" to "Z22"
    Warning (275081): Converted element name(s) from "Z2[1]" to "Z21"
    Warning (275081): Converted element name(s) from "Z2[0]" to "Z20"
    Warning (275081): Converted element name(s) from "Z2[4..0]" to "Z24..0"
Warning (275002): No superset bus at connection
Info (12128): Elaborating entity "Renan_complementador_de_2" for hierarchy "Projeto_Quartus:inst|Renan_complementador_de_2:inst10"
Info (12128): Elaborating entity "eos_A_igual_B" for hierarchy "Projeto_Quartus:inst|eos_A_igual_B:inst5"
Info (12128): Elaborating entity "eos_a_maiorque_b" for hierarchy "Projeto_Quartus:inst|eos_a_maiorque_b:inst3"
Info (12128): Elaborating entity "mhrs_B_maior_A" for hierarchy "Projeto_Quartus:inst|mhrs_B_maior_A:inst12"
Info (12128): Elaborating entity "eclb_AND" for hierarchy "Projeto_Quartus:inst|eclb_AND:inst1"
Info (12128): Elaborating entity "eclb_XOR" for hierarchy "Projeto_Quartus:inst|eclb_XOR:inst2"
Info (12128): Elaborating entity "Analisador_7seg" for hierarchy "Analisador_7seg:inst1"
Info (12128): Elaborating entity "eclb_Mux_8x1_4bits" for hierarchy "Analisador_7seg:inst1|eclb_Mux_8x1_4bits:inst1"
Info (12128): Elaborating entity "eclb_A_maior_B_5bits_magnitude" for hierarchy "Analisador_7seg:inst1|eclb_A_maior_B_5bits_magnitude:inst2"
Info (12128): Elaborating entity "mhrs_subtrator_30" for hierarchy "Analisador_7seg:inst1|mhrs_subtrator_30:inst17"
Warning (275083): Bus "Z2[5..0]" found using same base name as "Z2", which might lead to a name conflict.
Warning (275083): Bus "Z2[5]" found using same base name as "Z2", which might lead to a name conflict.
Warning (275083): Bus "Z3[5..0]" found using same base name as "Z", which might lead to a name conflict.
Warning (275083): Bus "Z3[3]" found using same base name as "Z", which might lead to a name conflict.
Warning (275083): Bus "Z3[2]" found using same base name as "Z", which might lead to a name conflict.
Warning (275083): Bus "Z3[1]" found using same base name as "Z", which might lead to a name conflict.
Warning (275083): Bus "Z3[0]" found using same base name as "Z", which might lead to a name conflict.
Warning (275080): Converted elements in bus name "Z" using legacy naming rules. Make any assignments on the new names, not on the original names.
    Warning (275081): Converted element name(s) from "Z[1]" to "Z1"
    Warning (275081): Converted element name(s) from "Z[2]" to "Z2"
    Warning (275081): Converted element name(s) from "Z[3]" to "Z3"
    Warning (275081): Converted element name(s) from "Z[0]" to "Z0"
    Warning (275081): Converted element name(s) from "Z[4]" to "Z4"
    Warning (275081): Converted element name(s) from "Z[5..0]" to "Z5..0"
    Warning (275081): Converted element name(s) from "Z[5]" to "Z5"
Warning (275080): Converted elements in bus name "Z2" using legacy naming rules. Make any assignments on the new names, not on the original names.
    Warning (275081): Converted element name(s) from "Z2[3]" to "Z23"
    Warning (275081): Converted element name(s) from "Z2[2]" to "Z22"
    Warning (275081): Converted element name(s) from "Z2[1]" to "Z21"
    Warning (275081): Converted element name(s) from "Z2[0]" to "Z20"
    Warning (275081): Converted element name(s) from "Z2[4]" to "Z24"
    Warning (275081): Converted element name(s) from "Z2[5..0]" to "Z25..0"
    Warning (275081): Converted element name(s) from "Z2[5]" to "Z25"
Warning (275080): Converted elements in bus name "Z3" using legacy naming rules. Make any assignments on the new names, not on the original names.
    Warning (275081): Converted element name(s) from "Z3[5..0]" to "Z35..0"
    Warning (275081): Converted element name(s) from "Z3[3]" to "Z33"
    Warning (275081): Converted element name(s) from "Z3[2]" to "Z32"
    Warning (275081): Converted element name(s) from "Z3[1]" to "Z31"
    Warning (275081): Converted element name(s) from "Z3[0]" to "Z30"
Info (12128): Elaborating entity "mhrs_subtrator_20" for hierarchy "Analisador_7seg:inst1|mhrs_subtrator_20:inst21"
Warning (275083): Bus "Z2[5]" found using same base name as "Z2", which might lead to a name conflict.
Warning (275083): Bus "Z3[5..0]" found using same base name as "Z", which might lead to a name conflict.
Warning (275083): Bus "Z3[3]" found using same base name as "Z", which might lead to a name conflict.
Warning (275083): Bus "Z3[2]" found using same base name as "Z", which might lead to a name conflict.
Warning (275083): Bus "Z3[1]" found using same base name as "Z", which might lead to a name conflict.
Warning (275083): Bus "Z3[0]" found using same base name as "Z", which might lead to a name conflict.
Warning (275083): Bus "Z2[5..0]" found using same base name as "Z2", which might lead to a name conflict.
Warning (275080): Converted elements in bus name "Z" using legacy naming rules. Make any assignments on the new names, not on the original names.
    Warning (275081): Converted element name(s) from "Z[1]" to "Z1"
    Warning (275081): Converted element name(s) from "Z[2]" to "Z2"
    Warning (275081): Converted element name(s) from "Z[3]" to "Z3"
    Warning (275081): Converted element name(s) from "Z[0]" to "Z0"
    Warning (275081): Converted element name(s) from "Z[4]" to "Z4"
    Warning (275081): Converted element name(s) from "Z[5..0]" to "Z5..0"
    Warning (275081): Converted element name(s) from "Z[5]" to "Z5"
Warning (275080): Converted elements in bus name "Z2" using legacy naming rules. Make any assignments on the new names, not on the original names.
    Warning (275081): Converted element name(s) from "Z2[3]" to "Z23"
    Warning (275081): Converted element name(s) from "Z2[2]" to "Z22"
    Warning (275081): Converted element name(s) from "Z2[1]" to "Z21"
    Warning (275081): Converted element name(s) from "Z2[0]" to "Z20"
    Warning (275081): Converted element name(s) from "Z2[4]" to "Z24"
    Warning (275081): Converted element name(s) from "Z2[5]" to "Z25"
    Warning (275081): Converted element name(s) from "Z2[5..0]" to "Z25..0"
Warning (275080): Converted elements in bus name "Z3" using legacy naming rules. Make any assignments on the new names, not on the original names.
    Warning (275081): Converted element name(s) from "Z3[5..0]" to "Z35..0"
    Warning (275081): Converted element name(s) from "Z3[3]" to "Z33"
    Warning (275081): Converted element name(s) from "Z3[2]" to "Z32"
    Warning (275081): Converted element name(s) from "Z3[1]" to "Z31"
    Warning (275081): Converted element name(s) from "Z3[0]" to "Z30"
Info (12128): Elaborating entity "mhrs_subtrator_10" for hierarchy "Analisador_7seg:inst1|mhrs_subtrator_10:inst29"
Warning (275083): Bus "Z2[5]" found using same base name as "Z2", which might lead to a name conflict.
Warning (275083): Bus "Z3[5..0]" found using same base name as "Z", which might lead to a name conflict.
Warning (275083): Bus "Z3[3]" found using same base name as "Z", which might lead to a name conflict.
Warning (275083): Bus "Z3[2]" found using same base name as "Z", which might lead to a name conflict.
Warning (275083): Bus "Z3[1]" found using same base name as "Z", which might lead to a name conflict.
Warning (275083): Bus "Z3[0]" found using same base name as "Z", which might lead to a name conflict.
Warning (275083): Bus "Z2[5..0]" found using same base name as "Z2", which might lead to a name conflict.
Warning (275080): Converted elements in bus name "Z" using legacy naming rules. Make any assignments on the new names, not on the original names.
    Warning (275081): Converted element name(s) from "Z[1]" to "Z1"
    Warning (275081): Converted element name(s) from "Z[2]" to "Z2"
    Warning (275081): Converted element name(s) from "Z[3]" to "Z3"
    Warning (275081): Converted element name(s) from "Z[0]" to "Z0"
    Warning (275081): Converted element name(s) from "Z[4]" to "Z4"
    Warning (275081): Converted element name(s) from "Z[5..0]" to "Z5..0"
    Warning (275081): Converted element name(s) from "Z[5]" to "Z5"
Warning (275080): Converted elements in bus name "Z2" using legacy naming rules. Make any assignments on the new names, not on the original names.
    Warning (275081): Converted element name(s) from "Z2[3]" to "Z23"
    Warning (275081): Converted element name(s) from "Z2[2]" to "Z22"
    Warning (275081): Converted element name(s) from "Z2[1]" to "Z21"
    Warning (275081): Converted element name(s) from "Z2[0]" to "Z20"
    Warning (275081): Converted element name(s) from "Z2[4]" to "Z24"
    Warning (275081): Converted element name(s) from "Z2[5]" to "Z25"
    Warning (275081): Converted element name(s) from "Z2[5..0]" to "Z25..0"
Warning (275080): Converted elements in bus name "Z3" using legacy naming rules. Make any assignments on the new names, not on the original names.
    Warning (275081): Converted element name(s) from "Z3[5..0]" to "Z35..0"
    Warning (275081): Converted element name(s) from "Z3[3]" to "Z33"
    Warning (275081): Converted element name(s) from "Z3[2]" to "Z32"
    Warning (275081): Converted element name(s) from "Z3[1]" to "Z31"
    Warning (275081): Converted element name(s) from "Z3[0]" to "Z30"
Info (12128): Elaborating entity "Decod_2x" for hierarchy "Decod_2x:inst3"
Warning (13024): Output pins are stuck at VCC or GND
    Warning (13410): Pin "DEZB" is stuck at GND
    Warning (13410): Pin "ADEZB" is stuck at GND
    Warning (13410): Pin "ADEZC" is stuck at GND
    Warning (13410): Pin "ADEZG" is stuck at VCC
    Warning (13410): Pin "BDEZB" is stuck at GND
    Warning (13410): Pin "BDEZC" is stuck at GND
    Warning (13410): Pin "BDEZG" is stuck at VCC
Info (286030): Timing-Driven Synthesis is running
Info (16010): Generating hard_block partition "hard_block:auto_generated_inst"
    Info (16011): Adding 0 node(s), including 0 DDIO, 0 PLL, 0 transceiver and 0 LCELL
Info (21057): Implemented 213 device resources after synthesis - the final resource count might be different
    Info (21058): Implemented 13 input pins
    Info (21059): Implemented 63 output pins
    Info (21061): Implemented 137 logic cells
Info: Quartus Prime Analysis & Synthesis was successful. 0 errors, 143 warnings
    Info: Peak virtual memory: 4810 megabytes
    Info: Processing ended: Fri Apr 17 17:14:52 2026
    Info: Elapsed time: 00:00:07
    Info: Total CPU time (on all processors): 00:00:19


